# JRE version: Java(TM) SE Runtime Environment (8.0_162-b12) (build 1.8.0_162-b12)
# Java VM: Java HotSpot(TM) 64-Bit Server VM (25.162-b12 mixed mode linux-amd64 compressed oops)
Heap:
 PSYoungGen      total 280064K, used 2265K [0x00000000eab00000, 0x00000000fc900000, 0x0000000100000000)
  eden space 267264K, 0% used [0x00000000eab00000,0x00000000eab00000,0x00000000fb000000)
  from space 12800K, 17% used [0x00000000fb000000,0x00000000fb236460,0x00000000fbc80000)
  to   space 10240K, 0% used [0x00000000fbf00000,0x00000000fbf00000,0x00000000fc900000)
 ParOldGen       total 99328K, used 61949K [0x00000000c0000000, 0x00000000c6100000, 0x00000000eab00000)
  object space 99328K, 62% used [0x00000000c0000000,0x00000000c3c7f5e0,0x00000000c6100000)
 Metaspace       used 81196K, capacity 82314K, committed 82392K, reserved 1120256K
  class space    used 11927K, capacity 12214K, committed 12288K, reserved 1048576K
GC Heap History (10 events):
Event: 90.852 GC heap after
Heap after GC invocations=28 (full 3):
 PSYoungGen      total 181248K, used 11245K [0x00000000eab00000, 0x00000000f9980000, 0x0000000100000000)
  eden space 169984K, 0% used [0x00000000eab00000,0x00000000eab00000,0x00000000f5100000)
  from space 11264K, 99% used [0x00000000f5100000,0x00000000f5bfb528,0x00000000f5c00000)
  to   space 14336K, 0% used [0x00000000f8b80000,0x00000000f8b80000,0x00000000f9980000)
 ParOldGen       total 43520K, used 22726K [0x00000000c0000000, 0x00000000c2a80000, 0x00000000eab00000)
  object space 43520K, 52% used [0x00000000c0000000,0x00000000c16318c0,0x00000000c2a80000)
 Metaspace       used 72104K, capacity 72710K, committed 73048K, reserved 1112064K
  class space    used 10613K, capacity 10777K, committed 10880K, reserved 1048576K
}
Event: 102.463 GC heap before
{Heap before GC invocations=29 (full 3):
 PSYoungGen      total 181248K, used 181229K [0x00000000eab00000, 0x00000000f9980000, 0x0000000100000000)
  eden space 169984K, 100% used [0x00000000eab00000,0x00000000f5100000,0x00000000f5100000)
  from space 11264K, 99% used [0x00000000f5100000,0x00000000f5bfb528,0x00000000f5c00000)
  to   space 14336K, 0% used [0x00000000f8b80000,0x00000000f8b80000,0x00000000f9980000)
 ParOldGen       total 43520K, used 22726K [0x00000000c0000000, 0x00000000c2a80000, 0x00000000eab00000)
  object space 43520K, 52% used [0x00000000c0000000,0x00000000c16318c0,0x00000000c2a80000)
 Metaspace       used 76537K, capacity 77336K, committed 77528K, reserved 1116160K
  class space    used 11318K, capacity 11516K, committed 11520K, reserved 1048576K
Event: 102.894 GC heap after
Heap after GC invocations=29 (full 3):
 PSYoungGen      total 228864K, used 6334K [0x00000000eab00000, 0x00000000f9880000, 0x0000000100000000)
  eden space 215552K, 0% used [0x00000000eab00000,0x00000000eab00000,0x00000000f7d80000)
  from space 13312K, 47% used [0x00000000f8b80000,0x00000000f91afb80,0x00000000f9880000)
  to   space 13824K, 0% used [0x00000000f7d80000,0x00000000f7d80000,0x00000000f8b00000)
 ParOldGen       total 60416K, used 58939K [0x00000000c0000000, 0x00000000c3b00000, 0x00000000eab00000)
  object space 60416K, 97% used [0x00000000c0000000,0x00000000c398ed08,0x00000000c3b00000)
 Metaspace       used 76537K, capacity 77336K, committed 77528K, reserved 1116160K
  class space    used 11318K, capacity 11516K, committed 11520K, reserved 1048576K
}
Event: 102.924 GC heap before
{Heap before GC invocations=30 (full 4):
 PSYoungGen      total 228864K, used 6334K [0x00000000eab00000, 0x00000000f9880000, 0x0000000100000000)
  eden space 215552K, 0% used [0x00000000eab00000,0x00000000eab00000,0x00000000f7d80000)
  from space 13312K, 47% used [0x00000000f8b80000,0x00000000f91afb80,0x00000000f9880000)
  to   space 13824K, 0% used [0x00000000f7d80000,0x00000000f7d80000,0x00000000f8b00000)
 ParOldGen       total 60416K, used 58939K [0x00000000c0000000, 0x00000000c3b00000, 0x00000000eab00000)
  object space 60416K, 97% used [0x00000000c0000000,0x00000000c398ed08,0x00000000c3b00000)
 Metaspace       used 76537K, capacity 77336K, committed 77528K, reserved 1116160K
  class space    used 11318K, capacity 11516K, committed 11520K, reserved 1048576K
Event: 103.314 GC heap after
Heap after GC invocations=30 (full 4):
 PSYoungGen      total 228864K, used 0K [0x00000000eab00000, 0x00000000f9880000, 0x0000000100000000)
  eden space 215552K, 0% used [0x00000000eab00000,0x00000000eab00000,0x00000000f7d80000)
  from space 13312K, 0% used [0x00000000f8b80000,0x00000000f8b80000,0x00000000f9880000)
  to   space 13824K, 0% used [0x00000000f7d80000,0x00000000f7d80000,0x00000000f8b00000)
 ParOldGen       total 99328K, used 60086K [0x00000000c0000000, 0x00000000c6100000, 0x00000000eab00000)
  object space 99328K, 60% used [0x00000000c0000000,0x00000000c3aad890,0x00000000c6100000)
 Metaspace       used 76533K, capacity 77330K, committed 77528K, reserved 1116160K
  class space    used 11318K, capacity 11515K, committed 11520K, reserved 1048576K
}
Event: 129.813 GC heap before
{Heap before GC invocations=31 (full 4):
 PSYoungGen      total 228864K, used 215552K [0x00000000eab00000, 0x00000000f9880000, 0x0000000100000000)
  eden space 215552K, 100% used [0x00000000eab00000,0x00000000f7d80000,0x00000000f7d80000)
  from space 13312K, 0% used [0x00000000f8b80000,0x00000000f8b80000,0x00000000f9880000)
  to   space 13824K, 0% used [0x00000000f7d80000,0x00000000f7d80000,0x00000000f8b00000)
 ParOldGen       total 99328K, used 60086K [0x00000000c0000000, 0x00000000c6100000, 0x00000000eab00000)
  object space 99328K, 60% used [0x00000000c0000000,0x00000000c3aad890,0x00000000c6100000)
 Metaspace       used 80320K, capacity 81438K, committed 81624K, reserved 1118208K
  class space    used 11901K, capacity 12182K, committed 12288K, reserved 1048576K
Event: 130.696 GC heap after
Heap after GC invocations=31 (full 4):
 PSYoungGen      total 229376K, used 5122K [0x00000000eab00000, 0x00000000fcb80000, 0x0000000100000000)
  eden space 215552K, 0% used [0x00000000eab00000,0x00000000eab00000,0x00000000f7d80000)
  from space 13824K, 37% used [0x00000000f7d80000,0x00000000f8280820,0x00000000f8b00000)
  to   space 12800K, 0% used [0x00000000fbf00000,0x00000000fbf00000,0x00000000fcb80000)
 ParOldGen       total 99328K, used 60094K [0x00000000c0000000, 0x00000000c6100000, 0x00000000eab00000)
  object space 99328K, 60% used [0x00000000c0000000,0x00000000c3aaf890,0x00000000c6100000)
 Metaspace       used 80320K, capacity 81438K, committed 81624K, reserved 1118208K
  class space    used 11901K, capacity 12182K, committed 12288K, reserved 1048576K
}
Event: 161.525 GC heap before
{Heap before GC invocations=32 (full 4):
 PSYoungGen      total 229376K, used 220674K [0x00000000eab00000, 0x00000000fcb80000, 0x0000000100000000)
  eden space 215552K, 100% used [0x00000000eab00000,0x00000000f7d80000,0x00000000f7d80000)
  from space 13824K, 37% used [0x00000000f7d80000,0x00000000f8280820,0x00000000f8b00000)
  to   space 12800K, 0% used [0x00000000fbf00000,0x00000000fbf00000,0x00000000fcb80000)
 ParOldGen       total 99328K, used 60094K [0x00000000c0000000, 0x00000000c6100000, 0x00000000eab00000)
  object space 99328K, 60% used [0x00000000c0000000,0x00000000c3aaf890,0x00000000c6100000)
 Metaspace       used 80839K, capacity 81958K, committed 82136K, reserved 1120256K
  class space    used 11903K, capacity 12182K, committed 12288K, reserved 1048576K
Event: 161.683 GC heap after
Heap after GC invocations=32 (full 4):
 PSYoungGen      total 277504K, used 2377K [0x00000000eab00000, 0x00000000fc900000, 0x0000000100000000)
  eden space 267264K, 0% used [0x00000000eab00000,0x00000000eab00000,0x00000000fb000000)
  from space 10240K, 23% used [0x00000000fbf00000,0x00000000fc1525f0,0x00000000fc900000)
  to   space 12800K, 0% used [0x00000000fb000000,0x00000000fb000000,0x00000000fbc80000)
 ParOldGen       total 99328K, used 61453K [0x00000000c0000000, 0x00000000c6100000, 0x00000000eab00000)
  object space 99328K, 61% used [0x00000000c0000000,0x00000000c3c035e0,0x00000000c6100000)
 Metaspace       used 80839K, capacity 81958K, committed 82136K, reserved 1120256K
  class space    used 11903K, capacity 12182K, committed 12288K, reserved 1048576K
}
Event: 358.844 GC heap before
{Heap before GC invocations=33 (full 4):
 PSYoungGen      total 277504K, used 269641K [0x00000000eab00000, 0x00000000fc900000, 0x0000000100000000)
  eden space 267264K, 100% used [0x00000000eab00000,0x00000000fb000000,0x00000000fb000000)
  from space 10240K, 23% used [0x00000000fbf00000,0x00000000fc1525f0,0x00000000fc900000)
  to   space 12800K, 0% used [0x00000000fb000000,0x00000000fb000000,0x00000000fbc80000)
 ParOldGen       total 99328K, used 61453K [0x00000000c0000000, 0x00000000c6100000, 0x00000000eab00000)
  object space 99328K, 61% used [0x00000000c0000000,0x00000000c3c035e0,0x00000000c6100000)
 Metaspace       used 81196K, capacity 82314K, committed 82392K, reserved 1120256K
  class space    used 11927K, capacity 12214K, committed 12288K, reserved 1048576K

